<?xml version="1.0" encoding="UTF-8"?>
<!-- Generated by org.testng.reporters.JUnitReportReporter -->
<testsuite skipped="0" hostname="TYSS-Yogita" name="practiceSession.JS_ScrollTest" tests="1" failures="0" timestamp="2022-06-17T12:20:45 IST" time="6.335" errors="0">
  <testcase name="TC" time="6.335" classname="practiceSession.JS_ScrollTest"/>
  <system-out/>
</testsuite> <!-- practiceSession.JS_ScrollTest -->
