<?xml version="1.0" encoding="UTF-8"?>
<!-- Generated by org.testng.reporters.JUnitReportReporter -->
<testsuite skipped="0" hostname="TYSS-Yogita" name="practiceSession.PRacticeXMLTest" tests="1" failures="0" timestamp="2022-06-17T12:20:45 IST" time="7.538" errors="0">
  <testcase name="TC" time="7.538" classname="practiceSession.PRacticeXMLTest"/>
  <system-out/>
</testsuite> <!-- practiceSession.PRacticeXMLTest -->
