<?xml version="1.0" encoding="UTF-8"?>
<!-- Generated by org.testng.reporters.JUnitReportReporter -->
<testsuite skipped="0" hostname="TYSS-Yogita" name="practiceSession.EmptyBrowserTest" tests="1" failures="0" timestamp="2022-06-17T12:20:45 IST" time="2.176" errors="0">
  <testcase name="Open" time="2.176" classname="practiceSession.EmptyBrowserTest"/>
  <system-out/>
</testsuite> <!-- practiceSession.EmptyBrowserTest -->
