<?xml version="1.0" encoding="UTF-8"?>
<!-- Generated by org.testng.reporters.JUnitReportReporter -->
<testsuite hostname="TYSS-Yogita" failures="0" tests="1" name="practiceSession.LaunchingBrowserTest" time="1.095" errors="0" timestamp="2022-06-12T12:05:00 IST" skipped="0">
  <testcase classname="practiceSession.LaunchingBrowserTest" name="TC" time="1.095"/>
  <system-out/>
</testsuite> <!-- practiceSession.LaunchingBrowserTest -->
