<?xml version="1.0" encoding="UTF-8"?>
<!-- Generated by org.testng.reporters.JUnitReportReporter -->
<testsuite hostname="TYSS-Yogita" failures="0" tests="1" name="practiceSession.LaunchingBrowser" time="2.430" errors="0" timestamp="2022-06-11T15:36:30 IST" skipped="0">
  <testcase classname="practiceSession.LaunchingBrowser" name="TC" time="2.430"/>
  <system-out/>
</testsuite> <!-- practiceSession.LaunchingBrowser -->
